<project xmlns="http://maven.apache.org/POM/4.0.0" xmlns:xsi="http://www.w3.org/2001/XMLSchema-instance"
         xsi:schemaLocation="http://maven.apache.org/POM/4.0.0 http://maven.apache.org/xsd/maven-4.0.0.xsd">
    <modelVersion>4.0.0</modelVersion>
    <groupId>com.example</groupId>
    <artifactId>test-maven-plugin</artifactId>
    <version>1.0-SNAPSHOT</version>

    <build>
        <plugins>
            <plugin>
                <groupId>io.micronaut.test</groupId>
                <artifactId>test</artifactId>
                <version>1.0.0</version>
                <configuration>
                    <enabled>true</enabled>
                    <typeName>MyRecord</typeName>
                    <packageName>io.micronaut.test</packageName>
                    <javadoc>A simple record</javadoc>
                    <version>1</version>
                    <properties>
                        <age>java.lang.Integer</age>
                        <title>java.lang.String</title>
                    </properties>
                </configuration>
            </plugin>
        </plugins>
    </build>
</project>
